TN:
SF:js/infobox.js
FN:13,(anonymous_0)
FN:24,(anonymous_1)
FN:32,(anonymous_2)
FNF:3
FNH:3
FNDA:2,(anonymous_0)
FNDA:1,(anonymous_1)
FNDA:3,(anonymous_2)
DA:3,1
DA:7,1
DA:13,1
DA:14,2
DA:18,1
DA:24,1
DA:25,1
DA:32,1
DA:33,3
DA:34,0
LF:10
LH:9
BRDA:33,0,0,0
BRDA:33,0,1,3
BRF:2
BRH:1
end_of_record
TN:
SF:js/main.js
FN:31,changeButtonText
FN:45,startTimer
FN:77,playSound
FN:105,updateSettings
FN:124,countDown
FN:178,resetTimer
FN:195,addSetting
FN:217,(anonymous_7)
FN:245,(anonymous_8)
FN:248,(anonymous_9)
FN:253,(anonymous_10)
FN:263,(anonymous_11)
FN:274,(anonymous_12)
FN:288,(anonymous_13)
FN:302,(anonymous_14)
FN:316,(anonymous_15)
FN:343,enterShortBreak
FN:345,(anonymous_17)
FN:357,enterPomo
FN:359,(anonymous_19)
FN:383,enterLongBreak
FN:385,(anonymous_21)
FN:397,makeZero
FNF:23
FNH:14
FNDA:5,changeButtonText
FNDA:3,startTimer
FNDA:3,playSound
FNDA:4,updateSettings
FNDA:0,countDown
FNDA:2,resetTimer
FNDA:2,addSetting
FNDA:2,(anonymous_7)
FNDA:0,(anonymous_8)
FNDA:0,(anonymous_9)
FNDA:0,(anonymous_10)
FNDA:0,(anonymous_11)
FNDA:0,(anonymous_12)
FNDA:0,(anonymous_13)
FNDA:0,(anonymous_14)
FNDA:0,(anonymous_15)
FNDA:2,enterShortBreak
FNDA:1,(anonymous_17)
FNDA:2,enterPomo
FNDA:1,(anonymous_19)
FNDA:2,enterLongBreak
FNDA:1,(anonymous_21)
FNDA:6,makeZero
DA:3,4
DA:4,4
DA:5,4
DA:6,4
DA:7,4
DA:8,4
DA:9,4
DA:10,4
DA:12,4
DA:13,4
DA:15,4
DA:18,4
DA:19,4
DA:20,4
DA:21,4
DA:24,4
DA:26,4
DA:32,5
DA:33,3
DA:34,3
DA:36,2
DA:37,2
DA:38,2
DA:47,3
DA:48,0
DA:51,3
DA:53,3
DA:54,3
DA:56,0
DA:57,0
DA:59,0
DA:60,0
DA:62,0
DA:63,0
DA:66,3
DA:69,3
DA:70,3
DA:80,3
DA:84,1
DA:85,1
DA:89,1
DA:90,1
DA:94,1
DA:95,1
DA:98,3
DA:99,3
DA:106,4
DA:107,4
DA:108,4
DA:109,2
DA:111,2
DA:113,2
DA:116,0
DA:125,0
DA:126,0
DA:127,0
DA:134,0
DA:137,0
DA:140,0
DA:141,0
DA:143,0
DA:144,0
DA:146,0
DA:149,0
DA:151,0
DA:154,0
DA:157,0
DA:158,0
DA:160,0
DA:161,0
DA:163,0
DA:165,0
DA:167,0
DA:171,0
DA:179,2
DA:180,2
DA:181,2
DA:182,2
DA:183,2
DA:184,2
DA:185,2
DA:197,2
DA:198,2
DA:201,2
DA:202,2
DA:203,2
DA:204,2
DA:205,2
DA:206,2
DA:207,2
DA:208,2
DA:209,2
DA:210,2
DA:211,2
DA:213,2
DA:214,2
DA:217,2
DA:219,2
DA:220,0
DA:224,2
DA:226,2
DA:227,0
DA:228,2
DA:229,0
DA:230,2
DA:231,0
DA:234,2
DA:235,2
DA:236,2
DA:237,2
DA:240,2
DA:241,2
DA:245,4
DA:247,0
DA:248,0
DA:249,0
DA:250,0
DA:253,0
DA:254,0
DA:258,0
DA:264,0
DA:265,0
DA:266,0
DA:269,0
DA:275,0
DA:276,0
DA:278,0
DA:279,0
DA:283,0
DA:289,0
DA:290,0
DA:292,0
DA:293,0
DA:297,0
DA:303,0
DA:304,0
DA:306,0
DA:307,0
DA:311,0
DA:317,0
DA:318,0
DA:325,0
DA:326,0
DA:327,0
DA:328,0
DA:329,0
DA:331,0
DA:334,0
DA:335,0
DA:338,0
DA:344,2
DA:345,2
DA:346,1
DA:347,1
DA:348,1
DA:349,1
DA:350,1
DA:358,2
DA:359,2
DA:360,1
DA:361,1
DA:363,1
DA:365,1
DA:366,0
DA:368,0
DA:370,1
DA:371,1
DA:373,1
DA:374,1
DA:375,1
DA:376,1
DA:384,2
DA:385,2
DA:386,1
DA:387,1
DA:388,1
DA:389,1
DA:390,1
DA:398,6
DA:401,4
LF:180
LH:108
BRDA:32,0,0,3
BRDA:32,0,1,2
BRDA:47,1,0,0
BRDA:47,1,1,3
BRDA:51,2,0,3
BRDA:51,2,1,0
BRDA:51,2,2,0
BRDA:51,2,3,0
BRDA:80,3,0,1
BRDA:80,3,1,1
BRDA:80,3,2,1
BRDA:106,4,0,4
BRDA:106,4,1,0
BRDA:106,5,0,4
BRDA:106,5,1,4
BRDA:140,6,0,0
BRDA:140,6,1,0
BRDA:143,7,0,0
BRDA:143,7,1,0
BRDA:149,8,0,0
BRDA:149,8,1,0
BRDA:149,9,0,0
BRDA:149,9,1,0
BRDA:157,10,0,0
BRDA:157,10,1,0
BRDA:160,11,0,0
BRDA:160,11,1,0
BRDA:165,12,0,0
BRDA:165,12,1,0
BRDA:165,13,0,0
BRDA:165,13,1,0
BRDA:195,14,0,2
BRDA:195,15,0,2
BRDA:219,16,0,0
BRDA:219,16,1,2
BRDA:219,17,0,2
BRDA:219,17,1,0
BRDA:219,17,2,0
BRDA:219,17,3,0
BRDA:219,17,4,0
BRDA:226,18,0,0
BRDA:226,18,1,2
BRDA:228,19,0,0
BRDA:228,19,1,2
BRDA:230,20,0,0
BRDA:230,20,1,2
BRDA:278,21,0,0
BRDA:278,21,1,0
BRDA:278,22,0,0
BRDA:278,22,1,0
BRDA:292,23,0,0
BRDA:292,23,1,0
BRDA:292,24,0,0
BRDA:292,24,1,0
BRDA:306,25,0,0
BRDA:306,25,1,0
BRDA:306,26,0,0
BRDA:306,26,1,0
BRDA:328,27,0,0
BRDA:328,27,1,0
BRDA:363,28,0,1
BRDA:363,28,1,0
BRDA:366,29,0,0
BRDA:366,29,1,0
BRF:64
BRH:18
end_of_record
TN:
SF:js/taskbar.js
FN:3,openNav
FN:8,closeNav
FN:20,(anonymous_2)
FN:30,appendAllTasks
FN:34,(anonymous_4)
FN:43,(anonymous_5)
FN:51,(anonymous_6)
FN:63,(anonymous_7)
FN:74,addNewTask
FN:96,deleteTask
FN:113,(anonymous_10)
FN:127,(anonymous_11)
FN:141,checkToComplete
FN:150,(anonymous_13)
FN:173,renderTopTask
FN:188,checkTopTask
FN:199,editTask
FN:225,(anonymous_17)
FN:265,createNewTask
FNF:19
FNH:16
FNDA:1,openNav
FNDA:1,closeNav
FNDA:0,(anonymous_2)
FNDA:1,appendAllTasks
FNDA:1,(anonymous_4)
FNDA:1,(anonymous_5)
FNDA:1,(anonymous_6)
FNDA:0,(anonymous_7)
FNDA:6,addNewTask
FNDA:2,deleteTask
FNDA:1,(anonymous_10)
FNDA:1,(anonymous_11)
FNDA:3,checkToComplete
FNDA:3,(anonymous_13)
FNDA:8,renderTopTask
FNDA:1,checkTopTask
FNDA:1,editTask
FNDA:0,(anonymous_17)
FNDA:17,createNewTask
DA:5,1
DA:9,1
DA:12,1
DA:13,1
DA:15,1
DA:16,1
DA:17,1
DA:18,1
DA:20,1
DA:22,0
DA:23,0
DA:31,1
DA:33,1
DA:34,1
DA:35,1
DA:36,1
DA:38,1
DA:40,1
DA:42,1
DA:43,1
DA:44,1
DA:45,1
DA:51,1
DA:54,1
DA:55,1
DA:56,1
DA:57,1
DA:58,1
DA:60,1
DA:63,1
DA:64,0
DA:65,0
DA:66,0
DA:76,6
DA:77,6
DA:78,3
DA:80,6
DA:81,6
DA:82,6
DA:84,6
DA:87,6
DA:88,3
DA:97,2
DA:99,2
DA:100,2
DA:101,1
DA:102,1
DA:103,1
DA:106,2
DA:107,2
DA:109,2
DA:111,1
DA:112,1
DA:113,1
DA:114,1
DA:115,1
DA:116,1
DA:118,1
DA:120,1
DA:122,1
DA:123,1
DA:125,1
DA:126,1
DA:127,1
DA:128,1
DA:129,1
DA:131,1
DA:133,1
DA:142,3
DA:143,3
DA:144,3
DA:145,3
DA:147,3
DA:148,3
DA:150,3
DA:151,3
DA:152,3
DA:153,3
DA:155,3
DA:157,3
DA:160,3
DA:161,3
DA:162,3
DA:165,3
DA:166,3
DA:174,8
DA:176,8
DA:177,6
DA:178,6
DA:180,2
DA:190,1
DA:192,1
DA:200,1
DA:201,1
DA:202,1
DA:205,1
DA:206,1
DA:207,1
DA:208,1
DA:209,1
DA:211,1
DA:212,1
DA:214,1
DA:215,1
DA:216,1
DA:218,1
DA:220,1
DA:221,1
DA:225,1
DA:226,0
DA:227,0
DA:230,0
DA:231,0
DA:233,0
DA:236,0
DA:237,0
DA:238,0
DA:240,0
DA:242,0
DA:243,0
DA:247,0
DA:248,0
DA:251,0
DA:252,0
DA:267,17
DA:268,17
DA:271,17
DA:272,17
DA:273,17
DA:274,17
DA:275,7
DA:276,10
DA:277,4
DA:278,6
DA:279,6
DA:283,17
DA:284,17
DA:285,17
DA:288,17
DA:289,17
DA:290,17
DA:291,17
DA:294,17
DA:295,17
DA:296,17
DA:297,17
DA:299,17
DA:300,17
DA:301,17
DA:302,7
DA:304,17
DA:305,11
DA:308,17
DA:311,1
LF:154
LH:134
BRDA:22,0,0,0
BRDA:22,0,1,0
BRDA:22,1,0,0
BRDA:22,1,1,0
BRDA:31,2,0,1
BRDA:31,2,1,0
BRDA:40,3,0,1
BRDA:40,3,1,0
BRDA:77,4,0,3
BRDA:77,4,1,3
BRDA:87,5,0,3
BRDA:87,5,1,3
BRDA:100,6,0,1
BRDA:100,6,1,1
BRDA:102,7,0,1
BRDA:102,7,1,0
BRDA:109,8,0,1
BRDA:109,8,1,1
BRDA:114,9,0,1
BRDA:114,9,1,0
BRDA:122,10,0,1
BRDA:122,10,1,0
BRDA:125,11,0,1
BRDA:125,11,1,0
BRDA:128,12,0,1
BRDA:128,12,1,0
BRDA:151,13,0,3
BRDA:151,13,1,0
BRDA:165,14,0,3
BRDA:165,14,1,0
BRDA:176,15,0,6
BRDA:176,15,1,2
BRDA:176,16,0,8
BRDA:176,16,1,6
BRDA:251,17,0,0
BRDA:251,17,1,0
BRDA:274,18,0,7
BRDA:274,18,1,10
BRDA:276,19,0,4
BRDA:276,19,1,6
BRDA:278,20,0,6
BRDA:278,20,1,0
BRDA:301,21,0,7
BRDA:301,21,1,10
BRDA:304,22,0,11
BRDA:304,22,1,6
BRF:46
BRH:30
end_of_record
