{"total": {"lines":{"total":342,"covered":120,"skipped":0,"pct":35.09},"statements":{"total":346,"covered":120,"skipped":0,"pct":34.68},"functions":{"total":45,"covered":15,"skipped":0,"pct":33.33},"branches":{"total":112,"covered":26,"skipped":0,"pct":23.21}}
,"/Users/caijicang/Desktop/CS/CSE110/cse110-w21-group23/source/js/infobox.js": {"lines":{"total":10,"covered":7,"skipped":0,"pct":70},"functions":{"total":3,"covered":1,"skipped":0,"pct":33.33},"statements":{"total":10,"covered":7,"skipped":0,"pct":70},"branches":{"total":2,"covered":1,"skipped":0,"pct":50}}
,"/Users/caijicang/Desktop/CS/CSE110/cse110-w21-group23/source/js/main.js": {"lines":{"total":179,"covered":104,"skipped":0,"pct":58.1},"functions":{"total":23,"covered":13,"skipped":0,"pct":56.52},"statements":{"total":179,"covered":104,"skipped":0,"pct":58.1},"branches":{"total":64,"covered":22,"skipped":0,"pct":34.38}}
,"/Users/caijicang/Desktop/CS/CSE110/cse110-w21-group23/source/js/taskbar.js": {"lines":{"total":153,"covered":9,"skipped":0,"pct":5.88},"functions":{"total":19,"covered":1,"skipped":0,"pct":5.26},"statements":{"total":157,"covered":9,"skipped":0,"pct":5.73},"branches":{"total":46,"covered":3,"skipped":0,"pct":6.52}}
}
