TN:
SF:../js/infobox.js
FN:13,(anonymous_0)
FN:24,(anonymous_1)
FN:32,(anonymous_2)
FNF:3
FNH:1
FNDA:0,(anonymous_0)
FNDA:0,(anonymous_1)
FNDA:2,(anonymous_2)
DA:3,1
DA:7,1
DA:13,1
DA:14,0
DA:18,1
DA:24,1
DA:25,0
DA:32,1
DA:33,2
DA:34,0
LF:10
LH:7
BRDA:33,0,0,0
BRDA:33,0,1,2
BRF:2
BRH:1
end_of_record
TN:
SF:../js/main.js
FN:31,changeButtonText
FN:45,startTimer
FN:77,playSound
FN:105,updateSettings
FN:124,countDown
FN:178,resetTimer
FN:195,addSetting
FN:217,(anonymous_7)
FN:245,(anonymous_8)
FN:248,(anonymous_9)
FN:253,(anonymous_10)
FN:263,(anonymous_11)
FN:274,(anonymous_12)
FN:288,(anonymous_13)
FN:302,(anonymous_14)
FN:316,(anonymous_15)
FN:343,enterShortBreak
FN:345,(anonymous_17)
FN:357,enterPomo
FN:359,(anonymous_19)
FN:383,enterLongBreak
FN:385,(anonymous_21)
FN:397,makeZero
FNF:23
FNH:13
FNDA:2,changeButtonText
FNDA:1,startTimer
FNDA:0,playSound
FNDA:6,updateSettings
FNDA:0,countDown
FNDA:2,resetTimer
FNDA:5,addSetting
FNDA:5,(anonymous_7)
FNDA:1,(anonymous_8)
FNDA:2,(anonymous_9)
FNDA:0,(anonymous_10)
FNDA:2,(anonymous_11)
FNDA:2,(anonymous_12)
FNDA:2,(anonymous_13)
FNDA:2,(anonymous_14)
FNDA:2,(anonymous_15)
FNDA:0,enterShortBreak
FNDA:0,(anonymous_17)
FNDA:0,enterPomo
FNDA:0,(anonymous_19)
FNDA:0,enterLongBreak
FNDA:0,(anonymous_21)
FNDA:0,makeZero
DA:3,1
DA:4,1
DA:5,1
DA:6,1
DA:7,1
DA:8,1
DA:9,1
DA:10,1
DA:12,1
DA:13,1
DA:15,1
DA:18,1
DA:19,1
DA:20,1
DA:21,1
DA:24,1
DA:26,1
DA:32,2
DA:33,1
DA:34,1
DA:36,1
DA:37,1
DA:38,1
DA:47,1
DA:48,0
DA:51,1
DA:53,1
DA:54,1
DA:56,0
DA:57,0
DA:59,0
DA:60,0
DA:62,0
DA:63,0
DA:66,1
DA:69,1
DA:70,1
DA:80,0
DA:84,0
DA:85,0
DA:89,0
DA:90,0
DA:94,0
DA:95,0
DA:98,0
DA:99,0
DA:106,6
DA:107,6
DA:108,6
DA:109,5
DA:111,5
DA:113,5
DA:116,0
DA:125,0
DA:126,0
DA:127,0
DA:134,0
DA:137,0
DA:140,0
DA:141,0
DA:143,0
DA:144,0
DA:146,0
DA:149,0
DA:151,0
DA:154,0
DA:157,0
DA:158,0
DA:160,0
DA:161,0
DA:163,0
DA:165,0
DA:167,0
DA:171,0
DA:179,2
DA:180,2
DA:181,2
DA:182,2
DA:183,2
DA:184,2
DA:185,2
DA:197,5
DA:198,5
DA:201,5
DA:202,5
DA:203,5
DA:204,5
DA:205,5
DA:206,5
DA:207,5
DA:208,5
DA:209,5
DA:210,5
DA:211,5
DA:213,5
DA:214,5
DA:217,5
DA:219,5
DA:220,0
DA:224,5
DA:226,5
DA:227,0
DA:228,5
DA:229,0
DA:230,5
DA:231,0
DA:234,5
DA:235,5
DA:236,5
DA:237,5
DA:240,5
DA:241,5
DA:245,1
DA:247,1
DA:248,1
DA:249,2
DA:250,2
DA:253,1
DA:254,0
DA:258,1
DA:264,2
DA:265,2
DA:266,2
DA:269,1
DA:275,2
DA:276,2
DA:278,2
DA:279,2
DA:283,1
DA:289,2
DA:290,2
DA:292,2
DA:293,0
DA:297,1
DA:303,2
DA:304,2
DA:306,2
DA:307,0
DA:311,1
DA:317,2
DA:318,2
DA:325,1
DA:326,5
DA:327,5
DA:328,5
DA:329,5
DA:331,0
DA:334,5
DA:335,5
DA:338,1
DA:344,0
DA:345,0
DA:346,0
DA:347,0
DA:348,0
DA:349,0
DA:350,0
DA:358,0
DA:359,0
DA:360,0
DA:361,0
DA:363,0
DA:365,0
DA:366,0
DA:368,0
DA:370,0
DA:371,0
DA:373,0
DA:374,0
DA:375,0
DA:376,0
DA:384,0
DA:385,0
DA:386,0
DA:387,0
DA:388,0
DA:389,0
DA:390,0
DA:398,0
LF:179
LH:104
BRDA:32,0,0,1
BRDA:32,0,1,1
BRDA:47,1,0,0
BRDA:47,1,1,1
BRDA:51,2,0,1
BRDA:51,2,1,0
BRDA:51,2,2,0
BRDA:51,2,3,0
BRDA:80,3,0,0
BRDA:80,3,1,0
BRDA:80,3,2,0
BRDA:106,4,0,6
BRDA:106,4,1,0
BRDA:106,5,0,6
BRDA:106,5,1,6
BRDA:140,6,0,0
BRDA:140,6,1,0
BRDA:143,7,0,0
BRDA:143,7,1,0
BRDA:149,8,0,0
BRDA:149,8,1,0
BRDA:149,9,0,0
BRDA:149,9,1,0
BRDA:157,10,0,0
BRDA:157,10,1,0
BRDA:160,11,0,0
BRDA:160,11,1,0
BRDA:165,12,0,0
BRDA:165,12,1,0
BRDA:165,13,0,0
BRDA:165,13,1,0
BRDA:195,14,0,4
BRDA:195,15,0,4
BRDA:219,16,0,0
BRDA:219,16,1,5
BRDA:219,17,0,5
BRDA:219,17,1,0
BRDA:219,17,2,0
BRDA:219,17,3,0
BRDA:219,17,4,0
BRDA:226,18,0,0
BRDA:226,18,1,5
BRDA:228,19,0,0
BRDA:228,19,1,5
BRDA:230,20,0,0
BRDA:230,20,1,5
BRDA:278,21,0,2
BRDA:278,21,1,0
BRDA:278,22,0,2
BRDA:278,22,1,2
BRDA:292,23,0,0
BRDA:292,23,1,2
BRDA:292,24,0,2
BRDA:292,24,1,0
BRDA:306,25,0,0
BRDA:306,25,1,2
BRDA:306,26,0,2
BRDA:306,26,1,0
BRDA:328,27,0,5
BRDA:328,27,1,0
BRDA:363,28,0,0
BRDA:363,28,1,0
BRDA:366,29,0,0
BRDA:366,29,1,0
BRF:64
BRH:22
end_of_record
TN:
SF:../js/taskbar.js
FN:3,openNav
FN:8,closeNav
FN:20,(anonymous_2)
FN:30,appendAllTasks
FN:34,(anonymous_4)
FN:43,(anonymous_5)
FN:51,(anonymous_6)
FN:63,(anonymous_7)
FN:74,addNewTask
FN:96,deleteTask
FN:113,(anonymous_10)
FN:127,(anonymous_11)
FN:141,checkToComplete
FN:150,(anonymous_13)
FN:173,renderTopTask
FN:188,checkTopTask
FN:199,editTask
FN:225,(anonymous_17)
FN:265,createNewTask
FNF:19
FNH:1
FNDA:0,openNav
FNDA:0,closeNav
FNDA:1,(anonymous_2)
FNDA:0,appendAllTasks
FNDA:0,(anonymous_4)
FNDA:0,(anonymous_5)
FNDA:0,(anonymous_6)
FNDA:0,(anonymous_7)
FNDA:0,addNewTask
FNDA:0,deleteTask
FNDA:0,(anonymous_10)
FNDA:0,(anonymous_11)
FNDA:0,checkToComplete
FNDA:0,(anonymous_13)
FNDA:0,renderTopTask
FNDA:0,checkTopTask
FNDA:0,editTask
FNDA:0,(anonymous_17)
FNDA:0,createNewTask
DA:5,0
DA:9,0
DA:12,1
DA:13,1
DA:15,1
DA:16,1
DA:17,1
DA:18,1
DA:20,1
DA:22,1
DA:23,0
DA:31,0
DA:33,0
DA:34,0
DA:35,0
DA:36,0
DA:38,0
DA:40,0
DA:42,0
DA:43,0
DA:44,0
DA:45,0
DA:51,1
DA:54,0
DA:55,0
DA:56,0
DA:57,0
DA:58,0
DA:60,0
DA:63,0
DA:64,0
DA:65,0
DA:66,0
DA:76,0
DA:77,0
DA:78,0
DA:80,0
DA:81,0
DA:82,0
DA:84,0
DA:87,0
DA:88,0
DA:97,0
DA:99,0
DA:100,0
DA:101,0
DA:102,0
DA:103,0
DA:106,0
DA:107,0
DA:109,0
DA:111,0
DA:112,0
DA:113,0
DA:114,0
DA:115,0
DA:116,0
DA:118,0
DA:120,0
DA:122,0
DA:123,0
DA:125,0
DA:126,0
DA:127,0
DA:128,0
DA:129,0
DA:131,0
DA:133,0
DA:142,0
DA:143,0
DA:144,0
DA:145,0
DA:147,0
DA:148,0
DA:150,0
DA:151,0
DA:152,0
DA:153,0
DA:155,0
DA:157,0
DA:160,0
DA:161,0
DA:162,0
DA:165,0
DA:166,0
DA:174,0
DA:176,0
DA:177,0
DA:178,0
DA:180,0
DA:190,0
DA:192,0
DA:200,0
DA:201,0
DA:202,0
DA:205,0
DA:206,0
DA:207,0
DA:208,0
DA:209,0
DA:211,0
DA:212,0
DA:214,0
DA:215,0
DA:216,0
DA:218,0
DA:220,0
DA:221,0
DA:225,0
DA:226,0
DA:227,0
DA:230,0
DA:231,0
DA:233,0
DA:236,0
DA:237,0
DA:238,0
DA:240,0
DA:242,0
DA:243,0
DA:247,0
DA:248,0
DA:251,0
DA:252,0
DA:267,0
DA:268,0
DA:271,0
DA:272,0
DA:273,0
DA:274,0
DA:275,0
DA:276,0
DA:277,0
DA:278,0
DA:279,0
DA:283,0
DA:284,0
DA:285,0
DA:288,0
DA:289,0
DA:290,0
DA:291,0
DA:294,0
DA:295,0
DA:296,0
DA:297,0
DA:299,0
DA:300,0
DA:301,0
DA:302,0
DA:304,0
DA:305,0
DA:308,0
LF:153
LH:9
BRDA:22,0,0,0
BRDA:22,0,1,1
BRDA:22,1,0,1
BRDA:22,1,1,1
BRDA:31,2,0,0
BRDA:31,2,1,0
BRDA:40,3,0,0
BRDA:40,3,1,0
BRDA:77,4,0,0
BRDA:77,4,1,0
BRDA:87,5,0,0
BRDA:87,5,1,0
BRDA:100,6,0,0
BRDA:100,6,1,0
BRDA:102,7,0,0
BRDA:102,7,1,0
BRDA:109,8,0,0
BRDA:109,8,1,0
BRDA:114,9,0,0
BRDA:114,9,1,0
BRDA:122,10,0,0
BRDA:122,10,1,0
BRDA:125,11,0,0
BRDA:125,11,1,0
BRDA:128,12,0,0
BRDA:128,12,1,0
BRDA:151,13,0,0
BRDA:151,13,1,0
BRDA:165,14,0,0
BRDA:165,14,1,0
BRDA:176,15,0,0
BRDA:176,15,1,0
BRDA:176,16,0,0
BRDA:176,16,1,0
BRDA:251,17,0,0
BRDA:251,17,1,0
BRDA:274,18,0,0
BRDA:274,18,1,0
BRDA:276,19,0,0
BRDA:276,19,1,0
BRDA:278,20,0,0
BRDA:278,20,1,0
BRDA:301,21,0,0
BRDA:301,21,1,0
BRDA:304,22,0,0
BRDA:304,22,1,0
BRF:46
BRH:3
end_of_record
