{"/Users/caijicang/Desktop/CS/CSE110/cse110-w21-group23/source/js/infobox.js": {"path":"/Users/caijicang/Desktop/CS/CSE110/cse110-w21-group23/source/js/infobox.js","statementMap":{"0":{"start":{"line":3,"column":13},"end":{"line":3,"column":44}},"1":{"start":{"line":7,"column":12},"end":{"line":7,"column":50}},"2":{"start":{"line":13,"column":0},"end":{"line":15,"column":1}},"3":{"start":{"line":14,"column":2},"end":{"line":14,"column":30}},"4":{"start":{"line":18,"column":14},"end":{"line":18,"column":51}},"5":{"start":{"line":24,"column":0},"end":{"line":26,"column":1}},"6":{"start":{"line":25,"column":2},"end":{"line":25,"column":29}},"7":{"start":{"line":32,"column":0},"end":{"line":36,"column":1}},"8":{"start":{"line":33,"column":2},"end":{"line":35,"column":3}},"9":{"start":{"line":34,"column":4},"end":{"line":34,"column":31}}},"fnMap":{"0":{"name":"(anonymous_0)","decl":{"start":{"line":13,"column":14},"end":{"line":13,"column":15}},"loc":{"start":{"line":13,"column":26},"end":{"line":15,"column":1}},"line":13},"1":{"name":"(anonymous_1)","decl":{"start":{"line":24,"column":16},"end":{"line":24,"column":17}},"loc":{"start":{"line":24,"column":28},"end":{"line":26,"column":1}},"line":24},"2":{"name":"(anonymous_2)","decl":{"start":{"line":32,"column":17},"end":{"line":32,"column":18}},"loc":{"start":{"line":32,"column":34},"end":{"line":36,"column":1}},"line":32}},"branchMap":{"0":{"loc":{"start":{"line":33,"column":2},"end":{"line":35,"column":3}},"type":"if","locations":[{"start":{"line":33,"column":2},"end":{"line":35,"column":3}},{"start":{"line":33,"column":2},"end":{"line":35,"column":3}}],"line":33}},"s":{"0":1,"1":1,"2":1,"3":2,"4":1,"5":1,"6":1,"7":1,"8":3,"9":0},"f":{"0":2,"1":1,"2":3},"b":{"0":[0,3]},"_coverageSchema":"1a1c01bbd47fc00a2c39e90264f33305004495a9","hash":"d9836fa8b20b41d59d316edd2911d959dfc55560"}
,"/Users/caijicang/Desktop/CS/CSE110/cse110-w21-group23/source/js/main.js": {"path":"/Users/caijicang/Desktop/CS/CSE110/cse110-w21-group23/source/js/main.js","statementMap":{"0":{"start":{"line":3,"column":20},"end":{"line":3,"column":51}},"1":{"start":{"line":4,"column":14},"end":{"line":4,"column":46}},"2":{"start":{"line":5,"column":16},"end":{"line":5,"column":50}},"3":{"start":{"line":6,"column":23},"end":{"line":6,"column":54}},"4":{"start":{"line":7,"column":21},"end":{"line":7,"column":56}},"5":{"start":{"line":8,"column":17},"end":{"line":8,"column":49}},"6":{"start":{"line":9,"column":17},"end":{"line":9,"column":49}},"7":{"start":{"line":10,"column":20},"end":{"line":10,"column":58}},"8":{"start":{"line":12,"column":17},"end":{"line":12,"column":19}},"9":{"start":{"line":13,"column":25},"end":{"line":13,"column":27}},"10":{"start":{"line":15,"column":16},"end":{"line":15,"column":17}},"11":{"start":{"line":18,"column":17},"end":{"line":18,"column":18}},"12":{"start":{"line":19,"column":17},"end":{"line":19,"column":18}},"13":{"start":{"line":20,"column":16},"end":{"line":20,"column":18}},"14":{"start":{"line":21,"column":11},"end":{"line":21,"column":13}},"15":{"start":{"line":24,"column":15},"end":{"line":24,"column":22}},"16":{"start":{"line":26,"column":17},"end":{"line":26,"column":23}},"17":{"start":{"line":32,"column":2},"end":{"line":39,"column":3}},"18":{"start":{"line":33,"column":4},"end":{"line":33,"column":36}},"19":{"start":{"line":34,"column":4},"end":{"line":34,"column":16}},"20":{"start":{"line":36,"column":4},"end":{"line":36,"column":37}},"21":{"start":{"line":37,"column":4},"end":{"line":37,"column":20}},"22":{"start":{"line":38,"column":4},"end":{"line":38,"column":16}},"23":{"start":{"line":47,"column":2},"end":{"line":49,"column":3}},"24":{"start":{"line":48,"column":4},"end":{"line":48,"column":43}},"25":{"start":{"line":51,"column":2},"end":{"line":64,"column":3}},"26":{"start":{"line":53,"column":6},"end":{"line":53,"column":21}},"27":{"start":{"line":54,"column":6},"end":{"line":54,"column":11}},"28":{"start":{"line":56,"column":6},"end":{"line":56,"column":27}},"29":{"start":{"line":57,"column":6},"end":{"line":57,"column":11}},"30":{"start":{"line":59,"column":6},"end":{"line":59,"column":26}},"31":{"start":{"line":60,"column":6},"end":{"line":60,"column":11}},"32":{"start":{"line":62,"column":6},"end":{"line":62,"column":21}},"33":{"start":{"line":63,"column":6},"end":{"line":63,"column":11}},"34":{"start":{"line":66,"column":2},"end":{"line":66,"column":56}},"35":{"start":{"line":69,"column":4},"end":{"line":69,"column":49}},"36":{"start":{"line":70,"column":2},"end":{"line":70,"column":56}},"37":{"start":{"line":80,"column":2},"end":{"line":96,"column":3}},"38":{"start":{"line":84,"column":6},"end":{"line":84,"column":34}},"39":{"start":{"line":85,"column":6},"end":{"line":85,"column":11}},"40":{"start":{"line":89,"column":6},"end":{"line":89,"column":29}},"41":{"start":{"line":90,"column":6},"end":{"line":90,"column":11}},"42":{"start":{"line":94,"column":6},"end":{"line":94,"column":34}},"43":{"start":{"line":95,"column":6},"end":{"line":95,"column":11}},"44":{"start":{"line":98,"column":2},"end":{"line":98,"column":50}},"45":{"start":{"line":99,"column":2},"end":{"line":99,"column":20}},"46":{"start":{"line":106,"column":2},"end":{"line":117,"column":3}},"47":{"start":{"line":107,"column":4},"end":{"line":107,"column":36}},"48":{"start":{"line":108,"column":4},"end":{"line":114,"column":5}},"49":{"start":{"line":109,"column":6},"end":{"line":109,"column":33}},"50":{"start":{"line":111,"column":6},"end":{"line":111,"column":20}},"51":{"start":{"line":113,"column":6},"end":{"line":113,"column":34}},"52":{"start":{"line":116,"column":4},"end":{"line":116,"column":75}},"53":{"start":{"line":125,"column":14},"end":{"line":125,"column":34}},"54":{"start":{"line":126,"column":21},"end":{"line":126,"column":40}},"55":{"start":{"line":127,"column":2},"end":{"line":127,"column":25}},"56":{"start":{"line":134,"column":15},"end":{"line":136,"column":3}},"57":{"start":{"line":137,"column":15},"end":{"line":137,"column":68}},"58":{"start":{"line":140,"column":2},"end":{"line":142,"column":3}},"59":{"start":{"line":141,"column":4},"end":{"line":141,"column":36}},"60":{"start":{"line":143,"column":2},"end":{"line":145,"column":3}},"61":{"start":{"line":144,"column":4},"end":{"line":144,"column":36}},"62":{"start":{"line":146,"column":2},"end":{"line":146,"column":41}},"63":{"start":{"line":149,"column":2},"end":{"line":172,"column":3}},"64":{"start":{"line":151,"column":4},"end":{"line":151,"column":27}},"65":{"start":{"line":154,"column":4},"end":{"line":154,"column":25}},"66":{"start":{"line":157,"column":4},"end":{"line":168,"column":5}},"67":{"start":{"line":158,"column":6},"end":{"line":158,"column":40}},"68":{"start":{"line":160,"column":6},"end":{"line":164,"column":7}},"69":{"start":{"line":161,"column":8},"end":{"line":161,"column":24}},"70":{"start":{"line":163,"column":8},"end":{"line":163,"column":25}},"71":{"start":{"line":165,"column":11},"end":{"line":168,"column":5}},"72":{"start":{"line":167,"column":6},"end":{"line":167,"column":17}},"73":{"start":{"line":171,"column":4},"end":{"line":171,"column":20}},"74":{"start":{"line":179,"column":2},"end":{"line":179,"column":34}},"75":{"start":{"line":180,"column":2},"end":{"line":180,"column":51}},"76":{"start":{"line":181,"column":2},"end":{"line":181,"column":24}},"77":{"start":{"line":182,"column":2},"end":{"line":182,"column":21}},"78":{"start":{"line":183,"column":2},"end":{"line":183,"column":15}},"79":{"start":{"line":184,"column":2},"end":{"line":184,"column":62}},"80":{"start":{"line":185,"column":2},"end":{"line":185,"column":25}},"81":{"start":{"line":197,"column":2},"end":{"line":197,"column":22}},"82":{"start":{"line":198,"column":2},"end":{"line":198,"column":9}},"83":{"start":{"line":201,"column":16},"end":{"line":201,"column":47}},"84":{"start":{"line":202,"column":2},"end":{"line":202,"column":33}},"85":{"start":{"line":203,"column":2},"end":{"line":203,"column":46}},"86":{"start":{"line":204,"column":2},"end":{"line":204,"column":27}},"87":{"start":{"line":205,"column":16},"end":{"line":205,"column":47}},"88":{"start":{"line":206,"column":2},"end":{"line":206,"column":38}},"89":{"start":{"line":207,"column":2},"end":{"line":207,"column":32}},"90":{"start":{"line":208,"column":2},"end":{"line":208,"column":32}},"91":{"start":{"line":209,"column":2},"end":{"line":209,"column":46}},"92":{"start":{"line":210,"column":2},"end":{"line":210,"column":32}},"93":{"start":{"line":211,"column":2},"end":{"line":211,"column":34}},"94":{"start":{"line":213,"column":2},"end":{"line":213,"column":33}},"95":{"start":{"line":214,"column":2},"end":{"line":214,"column":33}},"96":{"start":{"line":217,"column":2},"end":{"line":242,"column":3}},"97":{"start":{"line":219,"column":4},"end":{"line":221,"column":5}},"98":{"start":{"line":220,"column":6},"end":{"line":220,"column":12}},"99":{"start":{"line":224,"column":4},"end":{"line":224,"column":43}},"100":{"start":{"line":226,"column":4},"end":{"line":232,"column":5}},"101":{"start":{"line":227,"column":6},"end":{"line":227,"column":45}},"102":{"start":{"line":228,"column":11},"end":{"line":232,"column":5}},"103":{"start":{"line":229,"column":6},"end":{"line":229,"column":45}},"104":{"start":{"line":230,"column":11},"end":{"line":232,"column":5}},"105":{"start":{"line":231,"column":6},"end":{"line":231,"column":45}},"106":{"start":{"line":234,"column":21},"end":{"line":234,"column":32}},"107":{"start":{"line":235,"column":4},"end":{"line":235,"column":29}},"108":{"start":{"line":236,"column":4},"end":{"line":236,"column":47}},"109":{"start":{"line":237,"column":4},"end":{"line":237,"column":38}},"110":{"start":{"line":240,"column":4},"end":{"line":240,"column":43}},"111":{"start":{"line":241,"column":4},"end":{"line":241,"column":20}},"112":{"start":{"line":245,"column":0},"end":{"line":339,"column":1}},"113":{"start":{"line":247,"column":2},"end":{"line":247,"column":26}},"114":{"start":{"line":248,"column":2},"end":{"line":251,"column":3}},"115":{"start":{"line":249,"column":4},"end":{"line":249,"column":26}},"116":{"start":{"line":250,"column":4},"end":{"line":250,"column":22}},"117":{"start":{"line":253,"column":2},"end":{"line":255,"column":3}},"118":{"start":{"line":254,"column":4},"end":{"line":254,"column":43}},"119":{"start":{"line":258,"column":2},"end":{"line":268,"column":3}},"120":{"start":{"line":264,"column":6},"end":{"line":264,"column":24}},"121":{"start":{"line":265,"column":6},"end":{"line":265,"column":34}},"122":{"start":{"line":266,"column":6},"end":{"line":266,"column":66}},"123":{"start":{"line":269,"column":2},"end":{"line":282,"column":3}},"124":{"start":{"line":275,"column":6},"end":{"line":275,"column":24}},"125":{"start":{"line":276,"column":6},"end":{"line":276,"column":26}},"126":{"start":{"line":278,"column":6},"end":{"line":280,"column":7}},"127":{"start":{"line":279,"column":8},"end":{"line":279,"column":30}},"128":{"start":{"line":283,"column":2},"end":{"line":296,"column":3}},"129":{"start":{"line":289,"column":6},"end":{"line":289,"column":24}},"130":{"start":{"line":290,"column":6},"end":{"line":290,"column":32}},"131":{"start":{"line":292,"column":6},"end":{"line":294,"column":7}},"132":{"start":{"line":293,"column":8},"end":{"line":293,"column":36}},"133":{"start":{"line":297,"column":2},"end":{"line":310,"column":3}},"134":{"start":{"line":303,"column":6},"end":{"line":303,"column":24}},"135":{"start":{"line":304,"column":6},"end":{"line":304,"column":31}},"136":{"start":{"line":306,"column":6},"end":{"line":308,"column":7}},"137":{"start":{"line":307,"column":8},"end":{"line":307,"column":35}},"138":{"start":{"line":311,"column":2},"end":{"line":322,"column":3}},"139":{"start":{"line":317,"column":6},"end":{"line":317,"column":24}},"140":{"start":{"line":318,"column":6},"end":{"line":318,"column":48}},"141":{"start":{"line":325,"column":2},"end":{"line":336,"column":3}},"142":{"start":{"line":326,"column":21},"end":{"line":326,"column":38}},"143":{"start":{"line":327,"column":25},"end":{"line":327,"column":61}},"144":{"start":{"line":328,"column":4},"end":{"line":332,"column":5}},"145":{"start":{"line":329,"column":6},"end":{"line":329,"column":52}},"146":{"start":{"line":331,"column":6},"end":{"line":331,"column":62}},"147":{"start":{"line":334,"column":4},"end":{"line":334,"column":77}},"148":{"start":{"line":335,"column":4},"end":{"line":335,"column":47}},"149":{"start":{"line":338,"column":2},"end":{"line":338,"column":14}},"150":{"start":{"line":344,"column":2},"end":{"line":344,"column":12}},"151":{"start":{"line":345,"column":2},"end":{"line":351,"column":10}},"152":{"start":{"line":346,"column":4},"end":{"line":346,"column":30}},"153":{"start":{"line":347,"column":4},"end":{"line":347,"column":32}},"154":{"start":{"line":348,"column":4},"end":{"line":348,"column":37}},"155":{"start":{"line":349,"column":4},"end":{"line":349,"column":53}},"156":{"start":{"line":350,"column":4},"end":{"line":350,"column":36}},"157":{"start":{"line":358,"column":2},"end":{"line":358,"column":12}},"158":{"start":{"line":359,"column":2},"end":{"line":377,"column":10}},"159":{"start":{"line":360,"column":4},"end":{"line":360,"column":26}},"160":{"start":{"line":361,"column":4},"end":{"line":361,"column":37}},"161":{"start":{"line":363,"column":4},"end":{"line":369,"column":5}},"162":{"start":{"line":365,"column":6},"end":{"line":365,"column":20}},"163":{"start":{"line":366,"column":11},"end":{"line":369,"column":5}},"164":{"start":{"line":368,"column":6},"end":{"line":368,"column":19}},"165":{"start":{"line":370,"column":4},"end":{"line":370,"column":64}},"166":{"start":{"line":371,"column":4},"end":{"line":371,"column":23}},"167":{"start":{"line":373,"column":4},"end":{"line":373,"column":26}},"168":{"start":{"line":374,"column":4},"end":{"line":374,"column":37}},"169":{"start":{"line":375,"column":4},"end":{"line":375,"column":36}},"170":{"start":{"line":376,"column":4},"end":{"line":376,"column":53}},"171":{"start":{"line":384,"column":2},"end":{"line":384,"column":12}},"172":{"start":{"line":385,"column":2},"end":{"line":391,"column":10}},"173":{"start":{"line":386,"column":4},"end":{"line":386,"column":29}},"174":{"start":{"line":387,"column":4},"end":{"line":387,"column":31}},"175":{"start":{"line":388,"column":4},"end":{"line":388,"column":37}},"176":{"start":{"line":389,"column":4},"end":{"line":389,"column":53}},"177":{"start":{"line":390,"column":4},"end":{"line":390,"column":36}},"178":{"start":{"line":398,"column":2},"end":{"line":398,"column":27}},"179":{"start":{"line":401,"column":0},"end":{"line":401,"column":104}}},"fnMap":{"0":{"name":"changeButtonText","decl":{"start":{"line":31,"column":9},"end":{"line":31,"column":25}},"loc":{"start":{"line":31,"column":29},"end":{"line":40,"column":1}},"line":31},"1":{"name":"startTimer","decl":{"start":{"line":45,"column":9},"end":{"line":45,"column":19}},"loc":{"start":{"line":45,"column":23},"end":{"line":71,"column":1}},"line":45},"2":{"name":"playSound","decl":{"start":{"line":77,"column":9},"end":{"line":77,"column":18}},"loc":{"start":{"line":77,"column":27},"end":{"line":100,"column":1}},"line":77},"3":{"name":"updateSettings","decl":{"start":{"line":105,"column":9},"end":{"line":105,"column":23}},"loc":{"start":{"line":105,"column":27},"end":{"line":118,"column":1}},"line":105},"4":{"name":"countDown","decl":{"start":{"line":124,"column":9},"end":{"line":124,"column":18}},"loc":{"start":{"line":124,"column":35},"end":{"line":173,"column":1}},"line":124},"5":{"name":"resetTimer","decl":{"start":{"line":178,"column":9},"end":{"line":178,"column":19}},"loc":{"start":{"line":178,"column":23},"end":{"line":186,"column":1}},"line":178},"6":{"name":"addSetting","decl":{"start":{"line":195,"column":9},"end":{"line":195,"column":19}},"loc":{"start":{"line":195,"column":68},"end":{"line":243,"column":1}},"line":195},"7":{"name":"(anonymous_7)","decl":{"start":{"line":217,"column":35},"end":{"line":217,"column":36}},"loc":{"start":{"line":217,"column":52},"end":{"line":242,"column":3}},"line":217},"8":{"name":"(anonymous_8)","decl":{"start":{"line":245,"column":16},"end":{"line":245,"column":17}},"loc":{"start":{"line":245,"column":28},"end":{"line":339,"column":1}},"line":245},"9":{"name":"(anonymous_9)","decl":{"start":{"line":248,"column":24},"end":{"line":248,"column":25}},"loc":{"start":{"line":248,"column":36},"end":{"line":251,"column":3}},"line":248},"10":{"name":"(anonymous_10)","decl":{"start":{"line":253,"column":27},"end":{"line":253,"column":28}},"loc":{"start":{"line":253,"column":39},"end":{"line":255,"column":3}},"line":253},"11":{"name":"(anonymous_11)","decl":{"start":{"line":263,"column":4},"end":{"line":263,"column":5}},"loc":{"start":{"line":263,"column":13},"end":{"line":267,"column":5}},"line":263},"12":{"name":"(anonymous_12)","decl":{"start":{"line":274,"column":4},"end":{"line":274,"column":5}},"loc":{"start":{"line":274,"column":13},"end":{"line":281,"column":5}},"line":274},"13":{"name":"(anonymous_13)","decl":{"start":{"line":288,"column":4},"end":{"line":288,"column":5}},"loc":{"start":{"line":288,"column":13},"end":{"line":295,"column":5}},"line":288},"14":{"name":"(anonymous_14)","decl":{"start":{"line":302,"column":4},"end":{"line":302,"column":5}},"loc":{"start":{"line":302,"column":13},"end":{"line":309,"column":5}},"line":302},"15":{"name":"(anonymous_15)","decl":{"start":{"line":316,"column":4},"end":{"line":316,"column":5}},"loc":{"start":{"line":316,"column":13},"end":{"line":319,"column":5}},"line":316},"16":{"name":"enterShortBreak","decl":{"start":{"line":343,"column":9},"end":{"line":343,"column":24}},"loc":{"start":{"line":343,"column":28},"end":{"line":352,"column":1}},"line":343},"17":{"name":"(anonymous_17)","decl":{"start":{"line":345,"column":13},"end":{"line":345,"column":14}},"loc":{"start":{"line":345,"column":19},"end":{"line":351,"column":3}},"line":345},"18":{"name":"enterPomo","decl":{"start":{"line":357,"column":9},"end":{"line":357,"column":18}},"loc":{"start":{"line":357,"column":22},"end":{"line":378,"column":1}},"line":357},"19":{"name":"(anonymous_19)","decl":{"start":{"line":359,"column":13},"end":{"line":359,"column":14}},"loc":{"start":{"line":359,"column":19},"end":{"line":377,"column":3}},"line":359},"20":{"name":"enterLongBreak","decl":{"start":{"line":383,"column":9},"end":{"line":383,"column":23}},"loc":{"start":{"line":383,"column":27},"end":{"line":392,"column":1}},"line":383},"21":{"name":"(anonymous_21)","decl":{"start":{"line":385,"column":13},"end":{"line":385,"column":14}},"loc":{"start":{"line":385,"column":19},"end":{"line":391,"column":3}},"line":385},"22":{"name":"makeZero","decl":{"start":{"line":397,"column":9},"end":{"line":397,"column":17}},"loc":{"start":{"line":397,"column":21},"end":{"line":399,"column":1}},"line":397}},"branchMap":{"0":{"loc":{"start":{"line":32,"column":2},"end":{"line":39,"column":3}},"type":"if","locations":[{"start":{"line":32,"column":2},"end":{"line":39,"column":3}},{"start":{"line":32,"column":2},"end":{"line":39,"column":3}}],"line":32},"1":{"loc":{"start":{"line":47,"column":2},"end":{"line":49,"column":3}},"type":"if","locations":[{"start":{"line":47,"column":2},"end":{"line":49,"column":3}},{"start":{"line":47,"column":2},"end":{"line":49,"column":3}}],"line":47},"2":{"loc":{"start":{"line":51,"column":2},"end":{"line":64,"column":3}},"type":"switch","locations":[{"start":{"line":52,"column":4},"end":{"line":54,"column":11}},{"start":{"line":55,"column":4},"end":{"line":57,"column":11}},{"start":{"line":58,"column":4},"end":{"line":60,"column":11}},{"start":{"line":61,"column":4},"end":{"line":63,"column":11}}],"line":51},"3":{"loc":{"start":{"line":80,"column":2},"end":{"line":96,"column":3}},"type":"switch","locations":[{"start":{"line":81,"column":4},"end":{"line":85,"column":11}},{"start":{"line":86,"column":4},"end":{"line":90,"column":11}},{"start":{"line":91,"column":4},"end":{"line":95,"column":11}}],"line":80},"4":{"loc":{"start":{"line":106,"column":2},"end":{"line":117,"column":3}},"type":"if","locations":[{"start":{"line":106,"column":2},"end":{"line":117,"column":3}},{"start":{"line":106,"column":2},"end":{"line":117,"column":3}}],"line":106},"5":{"loc":{"start":{"line":106,"column":6},"end":{"line":106,"column":66}},"type":"binary-expr","locations":[{"start":{"line":106,"column":6},"end":{"line":106,"column":27}},{"start":{"line":106,"column":31},"end":{"line":106,"column":66}}],"line":106},"6":{"loc":{"start":{"line":140,"column":2},"end":{"line":142,"column":3}},"type":"if","locations":[{"start":{"line":140,"column":2},"end":{"line":142,"column":3}},{"start":{"line":140,"column":2},"end":{"line":142,"column":3}}],"line":140},"7":{"loc":{"start":{"line":143,"column":2},"end":{"line":145,"column":3}},"type":"if","locations":[{"start":{"line":143,"column":2},"end":{"line":145,"column":3}},{"start":{"line":143,"column":2},"end":{"line":145,"column":3}}],"line":143},"8":{"loc":{"start":{"line":149,"column":2},"end":{"line":172,"column":3}},"type":"if","locations":[{"start":{"line":149,"column":2},"end":{"line":172,"column":3}},{"start":{"line":149,"column":2},"end":{"line":172,"column":3}}],"line":149},"9":{"loc":{"start":{"line":149,"column":6},"end":{"line":149,"column":40}},"type":"binary-expr","locations":[{"start":{"line":149,"column":6},"end":{"line":149,"column":21}},{"start":{"line":149,"column":25},"end":{"line":149,"column":40}}],"line":149},"10":{"loc":{"start":{"line":157,"column":4},"end":{"line":168,"column":5}},"type":"if","locations":[{"start":{"line":157,"column":4},"end":{"line":168,"column":5}},{"start":{"line":157,"column":4},"end":{"line":168,"column":5}}],"line":157},"11":{"loc":{"start":{"line":160,"column":6},"end":{"line":164,"column":7}},"type":"if","locations":[{"start":{"line":160,"column":6},"end":{"line":164,"column":7}},{"start":{"line":160,"column":6},"end":{"line":164,"column":7}}],"line":160},"12":{"loc":{"start":{"line":165,"column":11},"end":{"line":168,"column":5}},"type":"if","locations":[{"start":{"line":165,"column":11},"end":{"line":168,"column":5}},{"start":{"line":165,"column":11},"end":{"line":168,"column":5}}],"line":165},"13":{"loc":{"start":{"line":165,"column":15},"end":{"line":165,"column":74}},"type":"binary-expr","locations":[{"start":{"line":165,"column":15},"end":{"line":165,"column":43}},{"start":{"line":165,"column":47},"end":{"line":165,"column":74}}],"line":165},"14":{"loc":{"start":{"line":195,"column":49},"end":{"line":195,"column":56}},"type":"default-arg","locations":[{"start":{"line":195,"column":55},"end":{"line":195,"column":56}}],"line":195},"15":{"loc":{"start":{"line":195,"column":58},"end":{"line":195,"column":66}},"type":"default-arg","locations":[{"start":{"line":195,"column":64},"end":{"line":195,"column":66}}],"line":195},"16":{"loc":{"start":{"line":219,"column":4},"end":{"line":221,"column":5}},"type":"if","locations":[{"start":{"line":219,"column":4},"end":{"line":221,"column":5}},{"start":{"line":219,"column":4},"end":{"line":221,"column":5}}],"line":219},"17":{"loc":{"start":{"line":219,"column":8},"end":{"line":219,"column":130}},"type":"binary-expr","locations":[{"start":{"line":219,"column":8},"end":{"line":219,"column":27}},{"start":{"line":219,"column":31},"end":{"line":219,"column":53}},{"start":{"line":219,"column":58},"end":{"line":219,"column":83}},{"start":{"line":219,"column":87},"end":{"line":219,"column":107}},{"start":{"line":219,"column":112},"end":{"line":219,"column":130}}],"line":219},"18":{"loc":{"start":{"line":226,"column":4},"end":{"line":232,"column":5}},"type":"if","locations":[{"start":{"line":226,"column":4},"end":{"line":232,"column":5}},{"start":{"line":226,"column":4},"end":{"line":232,"column":5}}],"line":226},"19":{"loc":{"start":{"line":228,"column":11},"end":{"line":232,"column":5}},"type":"if","locations":[{"start":{"line":228,"column":11},"end":{"line":232,"column":5}},{"start":{"line":228,"column":11},"end":{"line":232,"column":5}}],"line":228},"20":{"loc":{"start":{"line":230,"column":11},"end":{"line":232,"column":5}},"type":"if","locations":[{"start":{"line":230,"column":11},"end":{"line":232,"column":5}},{"start":{"line":230,"column":11},"end":{"line":232,"column":5}}],"line":230},"21":{"loc":{"start":{"line":278,"column":6},"end":{"line":280,"column":7}},"type":"if","locations":[{"start":{"line":278,"column":6},"end":{"line":280,"column":7}},{"start":{"line":278,"column":6},"end":{"line":280,"column":7}}],"line":278},"22":{"loc":{"start":{"line":278,"column":10},"end":{"line":278,"column":70}},"type":"binary-expr","locations":[{"start":{"line":278,"column":10},"end":{"line":278,"column":31}},{"start":{"line":278,"column":35},"end":{"line":278,"column":70}}],"line":278},"23":{"loc":{"start":{"line":292,"column":6},"end":{"line":294,"column":7}},"type":"if","locations":[{"start":{"line":292,"column":6},"end":{"line":294,"column":7}},{"start":{"line":292,"column":6},"end":{"line":294,"column":7}}],"line":292},"24":{"loc":{"start":{"line":292,"column":10},"end":{"line":292,"column":77}},"type":"binary-expr","locations":[{"start":{"line":292,"column":10},"end":{"line":292,"column":38}},{"start":{"line":292,"column":42},"end":{"line":292,"column":77}}],"line":292},"25":{"loc":{"start":{"line":306,"column":6},"end":{"line":308,"column":7}},"type":"if","locations":[{"start":{"line":306,"column":6},"end":{"line":308,"column":7}},{"start":{"line":306,"column":6},"end":{"line":308,"column":7}}],"line":306},"26":{"loc":{"start":{"line":306,"column":10},"end":{"line":306,"column":76}},"type":"binary-expr","locations":[{"start":{"line":306,"column":10},"end":{"line":306,"column":37}},{"start":{"line":306,"column":41},"end":{"line":306,"column":76}}],"line":306},"27":{"loc":{"start":{"line":328,"column":4},"end":{"line":332,"column":5}},"type":"if","locations":[{"start":{"line":328,"column":4},"end":{"line":332,"column":5}},{"start":{"line":328,"column":4},"end":{"line":332,"column":5}}],"line":328},"28":{"loc":{"start":{"line":363,"column":4},"end":{"line":369,"column":5}},"type":"if","locations":[{"start":{"line":363,"column":4},"end":{"line":369,"column":5}},{"start":{"line":363,"column":4},"end":{"line":369,"column":5}}],"line":363},"29":{"loc":{"start":{"line":366,"column":11},"end":{"line":369,"column":5}},"type":"if","locations":[{"start":{"line":366,"column":11},"end":{"line":369,"column":5}},{"start":{"line":366,"column":11},"end":{"line":369,"column":5}}],"line":366}},"s":{"0":4,"1":4,"2":4,"3":4,"4":4,"5":4,"6":4,"7":4,"8":4,"9":4,"10":4,"11":4,"12":4,"13":4,"14":4,"15":4,"16":4,"17":5,"18":3,"19":3,"20":2,"21":2,"22":2,"23":3,"24":0,"25":3,"26":3,"27":3,"28":0,"29":0,"30":0,"31":0,"32":0,"33":0,"34":3,"35":3,"36":3,"37":3,"38":1,"39":1,"40":1,"41":1,"42":1,"43":1,"44":3,"45":3,"46":4,"47":4,"48":4,"49":2,"50":2,"51":2,"52":0,"53":0,"54":0,"55":0,"56":0,"57":0,"58":0,"59":0,"60":0,"61":0,"62":0,"63":0,"64":0,"65":0,"66":0,"67":0,"68":0,"69":0,"70":0,"71":0,"72":0,"73":0,"74":2,"75":2,"76":2,"77":2,"78":2,"79":2,"80":2,"81":2,"82":2,"83":2,"84":2,"85":2,"86":2,"87":2,"88":2,"89":2,"90":2,"91":2,"92":2,"93":2,"94":2,"95":2,"96":2,"97":2,"98":0,"99":2,"100":2,"101":0,"102":2,"103":0,"104":2,"105":0,"106":2,"107":2,"108":2,"109":2,"110":2,"111":2,"112":4,"113":0,"114":0,"115":0,"116":0,"117":0,"118":0,"119":0,"120":0,"121":0,"122":0,"123":0,"124":0,"125":0,"126":0,"127":0,"128":0,"129":0,"130":0,"131":0,"132":0,"133":0,"134":0,"135":0,"136":0,"137":0,"138":0,"139":0,"140":0,"141":0,"142":0,"143":0,"144":0,"145":0,"146":0,"147":0,"148":0,"149":0,"150":2,"151":2,"152":1,"153":1,"154":1,"155":1,"156":1,"157":2,"158":2,"159":1,"160":1,"161":1,"162":1,"163":0,"164":0,"165":1,"166":1,"167":1,"168":1,"169":1,"170":1,"171":2,"172":2,"173":1,"174":1,"175":1,"176":1,"177":1,"178":6,"179":4},"f":{"0":5,"1":3,"2":3,"3":4,"4":0,"5":2,"6":2,"7":2,"8":0,"9":0,"10":0,"11":0,"12":0,"13":0,"14":0,"15":0,"16":2,"17":1,"18":2,"19":1,"20":2,"21":1,"22":6},"b":{"0":[3,2],"1":[0,3],"2":[3,0,0,0],"3":[1,1,1],"4":[4,0],"5":[4,4],"6":[0,0],"7":[0,0],"8":[0,0],"9":[0,0],"10":[0,0],"11":[0,0],"12":[0,0],"13":[0,0],"14":[2],"15":[2],"16":[0,2],"17":[2,0,0,0,0],"18":[0,2],"19":[0,2],"20":[0,2],"21":[0,0],"22":[0,0],"23":[0,0],"24":[0,0],"25":[0,0],"26":[0,0],"27":[0,0],"28":[1,0],"29":[0,0]},"_coverageSchema":"1a1c01bbd47fc00a2c39e90264f33305004495a9","hash":"38524ad6435fb10987c7cebce03251cc163e0944"}
,"/Users/caijicang/Desktop/CS/CSE110/cse110-w21-group23/source/js/taskbar.js": {"path":"/Users/caijicang/Desktop/CS/CSE110/cse110-w21-group23/source/js/taskbar.js","statementMap":{"0":{"start":{"line":5,"column":2},"end":{"line":5,"column":59}},"1":{"start":{"line":9,"column":2},"end":{"line":9,"column":59}},"2":{"start":{"line":12,"column":17},"end":{"line":12,"column":19}},"3":{"start":{"line":13,"column":19},"end":{"line":13,"column":21}},"4":{"start":{"line":15,"column":21},"end":{"line":15,"column":61}},"5":{"start":{"line":16,"column":15},"end":{"line":16,"column":46}},"6":{"start":{"line":17,"column":22},"end":{"line":17,"column":64}},"7":{"start":{"line":18,"column":20},"end":{"line":18,"column":59}},"8":{"start":{"line":20,"column":0},"end":{"line":25,"column":2}},"9":{"start":{"line":22,"column":2},"end":{"line":24,"column":3}},"10":{"start":{"line":23,"column":4},"end":{"line":23,"column":20}},"11":{"start":{"line":31,"column":2},"end":{"line":39,"column":3}},"12":{"start":{"line":33,"column":4},"end":{"line":33,"column":65}},"13":{"start":{"line":34,"column":4},"end":{"line":37,"column":6}},"14":{"start":{"line":35,"column":23},"end":{"line":35,"column":70}},"15":{"start":{"line":36,"column":6},"end":{"line":36,"column":40}},"16":{"start":{"line":38,"column":4},"end":{"line":38,"column":19}},"17":{"start":{"line":40,"column":2},"end":{"line":47,"column":3}},"18":{"start":{"line":42,"column":4},"end":{"line":42,"column":69}},"19":{"start":{"line":43,"column":4},"end":{"line":46,"column":6}},"20":{"start":{"line":44,"column":23},"end":{"line":44,"column":73}},"21":{"start":{"line":45,"column":6},"end":{"line":45,"column":41}},"22":{"start":{"line":51,"column":0},"end":{"line":68,"column":1}},"23":{"start":{"line":54,"column":21},"end":{"line":54,"column":52}},"24":{"start":{"line":55,"column":2},"end":{"line":55,"column":42}},"25":{"start":{"line":56,"column":2},"end":{"line":56,"column":48}},"26":{"start":{"line":57,"column":2},"end":{"line":57,"column":56}},"27":{"start":{"line":58,"column":2},"end":{"line":58,"column":44}},"28":{"start":{"line":60,"column":2},"end":{"line":60,"column":38}},"29":{"start":{"line":63,"column":2},"end":{"line":67,"column":4}},"30":{"start":{"line":64,"column":24},"end":{"line":64,"column":45}},"31":{"start":{"line":65,"column":4},"end":{"line":65,"column":27}},"32":{"start":{"line":66,"column":4},"end":{"line":66,"column":23}},"33":{"start":{"line":76,"column":17},"end":{"line":76,"column":22}},"34":{"start":{"line":77,"column":2},"end":{"line":79,"column":3}},"35":{"start":{"line":78,"column":4},"end":{"line":78,"column":19}},"36":{"start":{"line":80,"column":2},"end":{"line":80,"column":40}},"37":{"start":{"line":81,"column":18},"end":{"line":81,"column":67}},"38":{"start":{"line":82,"column":2},"end":{"line":82,"column":35}},"39":{"start":{"line":84,"column":2},"end":{"line":84,"column":66}},"40":{"start":{"line":87,"column":2},"end":{"line":89,"column":3}},"41":{"start":{"line":88,"column":4},"end":{"line":88,"column":19}},"42":{"start":{"line":97,"column":15},"end":{"line":97,"column":23}},"43":{"start":{"line":99,"column":19},"end":{"line":99,"column":51}},"44":{"start":{"line":100,"column":2},"end":{"line":104,"column":3}},"45":{"start":{"line":101,"column":4},"end":{"line":101,"column":25}},"46":{"start":{"line":102,"column":9},"end":{"line":104,"column":3}},"47":{"start":{"line":103,"column":4},"end":{"line":103,"column":27}},"48":{"start":{"line":106,"column":20},"end":{"line":106,"column":59}},"49":{"start":{"line":107,"column":2},"end":{"line":107,"column":19}},"50":{"start":{"line":109,"column":2},"end":{"line":134,"column":3}},"51":{"start":{"line":111,"column":17},"end":{"line":111,"column":18}},"52":{"start":{"line":112,"column":17},"end":{"line":112,"column":18}},"53":{"start":{"line":113,"column":4},"end":{"line":119,"column":6}},"54":{"start":{"line":114,"column":6},"end":{"line":117,"column":7}},"55":{"start":{"line":115,"column":8},"end":{"line":115,"column":36}},"56":{"start":{"line":116,"column":8},"end":{"line":116,"column":23}},"57":{"start":{"line":118,"column":6},"end":{"line":118,"column":14}},"58":{"start":{"line":120,"column":4},"end":{"line":120,"column":68}},"59":{"start":{"line":122,"column":4},"end":{"line":124,"column":5}},"60":{"start":{"line":123,"column":6},"end":{"line":123,"column":21}},"61":{"start":{"line":125,"column":9},"end":{"line":134,"column":3}},"62":{"start":{"line":126,"column":17},"end":{"line":126,"column":18}},"63":{"start":{"line":127,"column":4},"end":{"line":132,"column":6}},"64":{"start":{"line":128,"column":6},"end":{"line":130,"column":7}},"65":{"start":{"line":129,"column":8},"end":{"line":129,"column":38}},"66":{"start":{"line":131,"column":6},"end":{"line":131,"column":14}},"67":{"start":{"line":133,"column":4},"end":{"line":133,"column":72}},"68":{"start":{"line":142,"column":19},"end":{"line":142,"column":27}},"69":{"start":{"line":143,"column":19},"end":{"line":143,"column":41}},"70":{"start":{"line":144,"column":20},"end":{"line":144,"column":59}},"71":{"start":{"line":145,"column":2},"end":{"line":145,"column":19}},"72":{"start":{"line":147,"column":14},"end":{"line":147,"column":15}},"73":{"start":{"line":148,"column":14},"end":{"line":148,"column":15}},"74":{"start":{"line":150,"column":2},"end":{"line":156,"column":4}},"75":{"start":{"line":151,"column":4},"end":{"line":154,"column":5}},"76":{"start":{"line":152,"column":6},"end":{"line":152,"column":33}},"77":{"start":{"line":153,"column":6},"end":{"line":153,"column":19}},"78":{"start":{"line":155,"column":4},"end":{"line":155,"column":11}},"79":{"start":{"line":157,"column":2},"end":{"line":157,"column":66}},"80":{"start":{"line":160,"column":2},"end":{"line":160,"column":40}},"81":{"start":{"line":161,"column":2},"end":{"line":161,"column":79}},"82":{"start":{"line":162,"column":2},"end":{"line":162,"column":70}},"83":{"start":{"line":165,"column":2},"end":{"line":167,"column":3}},"84":{"start":{"line":166,"column":4},"end":{"line":166,"column":19}},"85":{"start":{"line":174,"column":2},"end":{"line":174,"column":28}},"86":{"start":{"line":176,"column":2},"end":{"line":181,"column":3}},"87":{"start":{"line":177,"column":25},"end":{"line":177,"column":88}},"88":{"start":{"line":178,"column":4},"end":{"line":178,"column":81}},"89":{"start":{"line":180,"column":4},"end":{"line":180,"column":45}},"90":{"start":{"line":190,"column":2},"end":{"line":190,"column":43}},"91":{"start":{"line":192,"column":2},"end":{"line":192,"column":20}},"92":{"start":{"line":200,"column":15},"end":{"line":200,"column":23}},"93":{"start":{"line":201,"column":19},"end":{"line":201,"column":51}},"94":{"start":{"line":202,"column":20},"end":{"line":202,"column":59}},"95":{"start":{"line":205,"column":21},"end":{"line":205,"column":52}},"96":{"start":{"line":206,"column":2},"end":{"line":206,"column":42}},"97":{"start":{"line":207,"column":2},"end":{"line":207,"column":48}},"98":{"start":{"line":208,"column":2},"end":{"line":208,"column":51}},"99":{"start":{"line":209,"column":2},"end":{"line":209,"column":44}},"100":{"start":{"line":211,"column":16},"end":{"line":211,"column":49}},"101":{"start":{"line":212,"column":14},"end":{"line":212,"column":37}},"102":{"start":{"line":214,"column":2},"end":{"line":214,"column":29}},"103":{"start":{"line":215,"column":2},"end":{"line":217,"column":3}},"104":{"start":{"line":215,"column":15},"end":{"line":215,"column":16}},"105":{"start":{"line":216,"column":4},"end":{"line":216,"column":38}},"106":{"start":{"line":218,"column":2},"end":{"line":218,"column":38}},"107":{"start":{"line":220,"column":2},"end":{"line":222,"column":3}},"108":{"start":{"line":220,"column":15},"end":{"line":220,"column":24}},"109":{"start":{"line":221,"column":4},"end":{"line":221,"column":38}},"110":{"start":{"line":225,"column":2},"end":{"line":254,"column":4}},"111":{"start":{"line":226,"column":24},"end":{"line":226,"column":45}},"112":{"start":{"line":227,"column":24},"end":{"line":227,"column":73}},"113":{"start":{"line":230,"column":18},"end":{"line":230,"column":51}},"114":{"start":{"line":231,"column":4},"end":{"line":231,"column":37}},"115":{"start":{"line":233,"column":4},"end":{"line":233,"column":23}},"116":{"start":{"line":236,"column":4},"end":{"line":236,"column":31}},"117":{"start":{"line":237,"column":4},"end":{"line":239,"column":5}},"118":{"start":{"line":237,"column":17},"end":{"line":237,"column":18}},"119":{"start":{"line":238,"column":6},"end":{"line":238,"column":40}},"120":{"start":{"line":240,"column":4},"end":{"line":240,"column":41}},"121":{"start":{"line":242,"column":4},"end":{"line":244,"column":5}},"122":{"start":{"line":242,"column":17},"end":{"line":242,"column":26}},"123":{"start":{"line":243,"column":6},"end":{"line":243,"column":40}},"124":{"start":{"line":247,"column":4},"end":{"line":247,"column":45}},"125":{"start":{"line":248,"column":4},"end":{"line":248,"column":68}},"126":{"start":{"line":251,"column":4},"end":{"line":253,"column":5}},"127":{"start":{"line":252,"column":6},"end":{"line":252,"column":21}},"128":{"start":{"line":267,"column":18},"end":{"line":267,"column":46}},"129":{"start":{"line":268,"column":2},"end":{"line":268,"column":39}},"130":{"start":{"line":271,"column":19},"end":{"line":271,"column":50}},"131":{"start":{"line":272,"column":2},"end":{"line":272,"column":44}},"132":{"start":{"line":273,"column":2},"end":{"line":273,"column":43}},"133":{"start":{"line":274,"column":2},"end":{"line":280,"column":3}},"134":{"start":{"line":275,"column":4},"end":{"line":275,"column":56}},"135":{"start":{"line":276,"column":9},"end":{"line":280,"column":3}},"136":{"start":{"line":277,"column":4},"end":{"line":277,"column":27}},"137":{"start":{"line":278,"column":9},"end":{"line":280,"column":3}},"138":{"start":{"line":279,"column":4},"end":{"line":279,"column":53}},"139":{"start":{"line":283,"column":20},"end":{"line":283,"column":47}},"140":{"start":{"line":284,"column":2},"end":{"line":284,"column":46}},"141":{"start":{"line":285,"column":2},"end":{"line":285,"column":34}},"142":{"start":{"line":288,"column":19},"end":{"line":288,"column":49}},"143":{"start":{"line":289,"column":2},"end":{"line":289,"column":44}},"144":{"start":{"line":290,"column":2},"end":{"line":290,"column":46}},"145":{"start":{"line":291,"column":2},"end":{"line":291,"column":50}},"146":{"start":{"line":294,"column":21},"end":{"line":294,"column":51}},"147":{"start":{"line":295,"column":2},"end":{"line":295,"column":48}},"148":{"start":{"line":296,"column":2},"end":{"line":296,"column":50}},"149":{"start":{"line":297,"column":2},"end":{"line":297,"column":54}},"150":{"start":{"line":299,"column":2},"end":{"line":299,"column":31}},"151":{"start":{"line":300,"column":2},"end":{"line":300,"column":32}},"152":{"start":{"line":301,"column":2},"end":{"line":303,"column":3}},"153":{"start":{"line":302,"column":4},"end":{"line":302,"column":33}},"154":{"start":{"line":304,"column":2},"end":{"line":306,"column":3}},"155":{"start":{"line":305,"column":4},"end":{"line":305,"column":35}},"156":{"start":{"line":308,"column":2},"end":{"line":308,"column":16}},"157":{"start":{"line":311,"column":0},"end":{"line":316,"column":1}}},"fnMap":{"0":{"name":"openNav","decl":{"start":{"line":3,"column":9},"end":{"line":3,"column":16}},"loc":{"start":{"line":3,"column":20},"end":{"line":6,"column":1}},"line":3},"1":{"name":"closeNav","decl":{"start":{"line":8,"column":9},"end":{"line":8,"column":17}},"loc":{"start":{"line":8,"column":21},"end":{"line":10,"column":1}},"line":8},"2":{"name":"(anonymous_2)","decl":{"start":{"line":20,"column":44},"end":{"line":20,"column":45}},"loc":{"start":{"line":20,"column":50},"end":{"line":25,"column":1}},"line":20},"3":{"name":"appendAllTasks","decl":{"start":{"line":30,"column":9},"end":{"line":30,"column":23}},"loc":{"start":{"line":30,"column":27},"end":{"line":48,"column":1}},"line":30},"4":{"name":"(anonymous_4)","decl":{"start":{"line":34,"column":23},"end":{"line":34,"column":24}},"loc":{"start":{"line":34,"column":33},"end":{"line":37,"column":5}},"line":34},"5":{"name":"(anonymous_5)","decl":{"start":{"line":43,"column":25},"end":{"line":43,"column":26}},"loc":{"start":{"line":43,"column":35},"end":{"line":46,"column":5}},"line":43},"6":{"name":"(anonymous_6)","decl":{"start":{"line":51,"column":17},"end":{"line":51,"column":18}},"loc":{"start":{"line":51,"column":29},"end":{"line":68,"column":1}},"line":51},"7":{"name":"(anonymous_7)","decl":{"start":{"line":63,"column":40},"end":{"line":63,"column":41}},"loc":{"start":{"line":63,"column":47},"end":{"line":67,"column":3}},"line":63},"8":{"name":"addNewTask","decl":{"start":{"line":74,"column":9},"end":{"line":74,"column":19}},"loc":{"start":{"line":74,"column":34},"end":{"line":90,"column":1}},"line":74},"9":{"name":"deleteTask","decl":{"start":{"line":96,"column":9},"end":{"line":96,"column":19}},"loc":{"start":{"line":96,"column":24},"end":{"line":135,"column":1}},"line":96},"10":{"name":"(anonymous_10)","decl":{"start":{"line":113,"column":23},"end":{"line":113,"column":24}},"loc":{"start":{"line":113,"column":33},"end":{"line":119,"column":5}},"line":113},"11":{"name":"(anonymous_11)","decl":{"start":{"line":127,"column":25},"end":{"line":127,"column":26}},"loc":{"start":{"line":127,"column":35},"end":{"line":132,"column":5}},"line":127},"12":{"name":"checkToComplete","decl":{"start":{"line":141,"column":9},"end":{"line":141,"column":24}},"loc":{"start":{"line":141,"column":29},"end":{"line":168,"column":1}},"line":141},"13":{"name":"(anonymous_13)","decl":{"start":{"line":150,"column":21},"end":{"line":150,"column":22}},"loc":{"start":{"line":150,"column":31},"end":{"line":156,"column":3}},"line":150},"14":{"name":"renderTopTask","decl":{"start":{"line":173,"column":9},"end":{"line":173,"column":22}},"loc":{"start":{"line":173,"column":26},"end":{"line":182,"column":1}},"line":173},"15":{"name":"checkTopTask","decl":{"start":{"line":188,"column":9},"end":{"line":188,"column":21}},"loc":{"start":{"line":188,"column":26},"end":{"line":193,"column":1}},"line":188},"16":{"name":"editTask","decl":{"start":{"line":199,"column":9},"end":{"line":199,"column":17}},"loc":{"start":{"line":199,"column":22},"end":{"line":255,"column":1}},"line":199},"17":{"name":"(anonymous_17)","decl":{"start":{"line":225,"column":40},"end":{"line":225,"column":41}},"loc":{"start":{"line":225,"column":47},"end":{"line":254,"column":3}},"line":225},"18":{"name":"createNewTask","decl":{"start":{"line":265,"column":9},"end":{"line":265,"column":22}},"loc":{"start":{"line":265,"column":64},"end":{"line":309,"column":1}},"line":265}},"branchMap":{"0":{"loc":{"start":{"line":22,"column":2},"end":{"line":24,"column":3}},"type":"if","locations":[{"start":{"line":22,"column":2},"end":{"line":24,"column":3}},{"start":{"line":22,"column":2},"end":{"line":24,"column":3}}],"line":22},"1":{"loc":{"start":{"line":22,"column":6},"end":{"line":22,"column":84}},"type":"binary-expr","locations":[{"start":{"line":22,"column":6},"end":{"line":22,"column":42}},{"start":{"line":22,"column":46},"end":{"line":22,"column":84}}],"line":22},"2":{"loc":{"start":{"line":31,"column":2},"end":{"line":39,"column":3}},"type":"if","locations":[{"start":{"line":31,"column":2},"end":{"line":39,"column":3}},{"start":{"line":31,"column":2},"end":{"line":39,"column":3}}],"line":31},"3":{"loc":{"start":{"line":40,"column":2},"end":{"line":47,"column":3}},"type":"if","locations":[{"start":{"line":40,"column":2},"end":{"line":47,"column":3}},{"start":{"line":40,"column":2},"end":{"line":47,"column":3}}],"line":40},"4":{"loc":{"start":{"line":77,"column":2},"end":{"line":79,"column":3}},"type":"if","locations":[{"start":{"line":77,"column":2},"end":{"line":79,"column":3}},{"start":{"line":77,"column":2},"end":{"line":79,"column":3}}],"line":77},"5":{"loc":{"start":{"line":87,"column":2},"end":{"line":89,"column":3}},"type":"if","locations":[{"start":{"line":87,"column":2},"end":{"line":89,"column":3}},{"start":{"line":87,"column":2},"end":{"line":89,"column":3}}],"line":87},"6":{"loc":{"start":{"line":100,"column":2},"end":{"line":104,"column":3}},"type":"if","locations":[{"start":{"line":100,"column":2},"end":{"line":104,"column":3}},{"start":{"line":100,"column":2},"end":{"line":104,"column":3}}],"line":100},"7":{"loc":{"start":{"line":102,"column":9},"end":{"line":104,"column":3}},"type":"if","locations":[{"start":{"line":102,"column":9},"end":{"line":104,"column":3}},{"start":{"line":102,"column":9},"end":{"line":104,"column":3}}],"line":102},"8":{"loc":{"start":{"line":109,"column":2},"end":{"line":134,"column":3}},"type":"if","locations":[{"start":{"line":109,"column":2},"end":{"line":134,"column":3}},{"start":{"line":109,"column":2},"end":{"line":134,"column":3}}],"line":109},"9":{"loc":{"start":{"line":114,"column":6},"end":{"line":117,"column":7}},"type":"if","locations":[{"start":{"line":114,"column":6},"end":{"line":117,"column":7}},{"start":{"line":114,"column":6},"end":{"line":117,"column":7}}],"line":114},"10":{"loc":{"start":{"line":122,"column":4},"end":{"line":124,"column":5}},"type":"if","locations":[{"start":{"line":122,"column":4},"end":{"line":124,"column":5}},{"start":{"line":122,"column":4},"end":{"line":124,"column":5}}],"line":122},"11":{"loc":{"start":{"line":125,"column":9},"end":{"line":134,"column":3}},"type":"if","locations":[{"start":{"line":125,"column":9},"end":{"line":134,"column":3}},{"start":{"line":125,"column":9},"end":{"line":134,"column":3}}],"line":125},"12":{"loc":{"start":{"line":128,"column":6},"end":{"line":130,"column":7}},"type":"if","locations":[{"start":{"line":128,"column":6},"end":{"line":130,"column":7}},{"start":{"line":128,"column":6},"end":{"line":130,"column":7}}],"line":128},"13":{"loc":{"start":{"line":151,"column":4},"end":{"line":154,"column":5}},"type":"if","locations":[{"start":{"line":151,"column":4},"end":{"line":154,"column":5}},{"start":{"line":151,"column":4},"end":{"line":154,"column":5}}],"line":151},"14":{"loc":{"start":{"line":165,"column":2},"end":{"line":167,"column":3}},"type":"if","locations":[{"start":{"line":165,"column":2},"end":{"line":167,"column":3}},{"start":{"line":165,"column":2},"end":{"line":167,"column":3}}],"line":165},"15":{"loc":{"start":{"line":176,"column":2},"end":{"line":181,"column":3}},"type":"if","locations":[{"start":{"line":176,"column":2},"end":{"line":181,"column":3}},{"start":{"line":176,"column":2},"end":{"line":181,"column":3}}],"line":176},"16":{"loc":{"start":{"line":176,"column":6},"end":{"line":176,"column":59}},"type":"binary-expr","locations":[{"start":{"line":176,"column":6},"end":{"line":176,"column":33}},{"start":{"line":176,"column":37},"end":{"line":176,"column":59}}],"line":176},"17":{"loc":{"start":{"line":251,"column":4},"end":{"line":253,"column":5}},"type":"if","locations":[{"start":{"line":251,"column":4},"end":{"line":253,"column":5}},{"start":{"line":251,"column":4},"end":{"line":253,"column":5}}],"line":251},"18":{"loc":{"start":{"line":274,"column":2},"end":{"line":280,"column":3}},"type":"if","locations":[{"start":{"line":274,"column":2},"end":{"line":280,"column":3}},{"start":{"line":274,"column":2},"end":{"line":280,"column":3}}],"line":274},"19":{"loc":{"start":{"line":276,"column":9},"end":{"line":280,"column":3}},"type":"if","locations":[{"start":{"line":276,"column":9},"end":{"line":280,"column":3}},{"start":{"line":276,"column":9},"end":{"line":280,"column":3}}],"line":276},"20":{"loc":{"start":{"line":278,"column":9},"end":{"line":280,"column":3}},"type":"if","locations":[{"start":{"line":278,"column":9},"end":{"line":280,"column":3}},{"start":{"line":278,"column":9},"end":{"line":280,"column":3}}],"line":278},"21":{"loc":{"start":{"line":301,"column":2},"end":{"line":303,"column":3}},"type":"if","locations":[{"start":{"line":301,"column":2},"end":{"line":303,"column":3}},{"start":{"line":301,"column":2},"end":{"line":303,"column":3}}],"line":301},"22":{"loc":{"start":{"line":304,"column":2},"end":{"line":306,"column":3}},"type":"if","locations":[{"start":{"line":304,"column":2},"end":{"line":306,"column":3}},{"start":{"line":304,"column":2},"end":{"line":306,"column":3}}],"line":304}},"s":{"0":1,"1":1,"2":1,"3":1,"4":1,"5":1,"6":1,"7":1,"8":1,"9":0,"10":0,"11":1,"12":1,"13":1,"14":1,"15":1,"16":1,"17":1,"18":1,"19":1,"20":1,"21":1,"22":1,"23":1,"24":1,"25":1,"26":1,"27":1,"28":1,"29":1,"30":0,"31":0,"32":0,"33":6,"34":6,"35":3,"36":6,"37":6,"38":6,"39":6,"40":6,"41":3,"42":2,"43":2,"44":2,"45":1,"46":1,"47":1,"48":2,"49":2,"50":2,"51":1,"52":1,"53":1,"54":1,"55":1,"56":1,"57":1,"58":1,"59":1,"60":1,"61":1,"62":1,"63":1,"64":1,"65":1,"66":1,"67":1,"68":3,"69":3,"70":3,"71":3,"72":3,"73":3,"74":3,"75":3,"76":3,"77":3,"78":3,"79":3,"80":3,"81":3,"82":3,"83":3,"84":3,"85":8,"86":8,"87":6,"88":6,"89":2,"90":1,"91":1,"92":1,"93":1,"94":1,"95":1,"96":1,"97":1,"98":1,"99":1,"100":1,"101":1,"102":1,"103":1,"104":1,"105":1,"106":1,"107":1,"108":1,"109":1,"110":1,"111":0,"112":0,"113":0,"114":0,"115":0,"116":0,"117":0,"118":0,"119":0,"120":0,"121":0,"122":0,"123":0,"124":0,"125":0,"126":0,"127":0,"128":17,"129":17,"130":17,"131":17,"132":17,"133":17,"134":7,"135":10,"136":4,"137":6,"138":6,"139":17,"140":17,"141":17,"142":17,"143":17,"144":17,"145":17,"146":17,"147":17,"148":17,"149":17,"150":17,"151":17,"152":17,"153":7,"154":17,"155":11,"156":17,"157":1},"f":{"0":1,"1":1,"2":0,"3":1,"4":1,"5":1,"6":1,"7":0,"8":6,"9":2,"10":1,"11":1,"12":3,"13":3,"14":8,"15":1,"16":1,"17":0,"18":17},"b":{"0":[0,0],"1":[0,0],"2":[1,0],"3":[1,0],"4":[3,3],"5":[3,3],"6":[1,1],"7":[1,0],"8":[1,1],"9":[1,0],"10":[1,0],"11":[1,0],"12":[1,0],"13":[3,0],"14":[3,0],"15":[6,2],"16":[8,6],"17":[0,0],"18":[7,10],"19":[4,6],"20":[6,0],"21":[7,10],"22":[11,6]},"_coverageSchema":"1a1c01bbd47fc00a2c39e90264f33305004495a9","hash":"9ee7e4bfd26002941f3657847ad31ec156f2996d"}
}
